<?xml version="1.0" encoding="UTF-8"?>
<testng-results ignored="1" total="2" passed="1" failed="0" skipped="0">
  <reporter-output>
  </reporter-output>
  <suite started-at="2024-04-12T11:03:18 IST" name="Default suite" finished-at="2024-04-12T11:03:29 IST" duration-ms="10980">
    <groups>
    </groups>
    <test started-at="2024-04-12T11:03:18 IST" name="Default test" finished-at="2024-04-12T11:03:29 IST" duration-ms="10980">
      <class name="CompareScreenshot">
        <test-method is-config="true" signature="setUp()[pri:0, instance:CompareScreenshot@32502377]" started-at="2024-04-12T11:03:18 IST" name="setUp" finished-at="2024-04-12T11:03:29 IST" duration-ms="10443" status="PASS">
          <reporter-output>
          </reporter-output>
        </test-method> <!-- setUp -->
        <test-method signature="partialScreenshot()[pri:0, instance:CompareScreenshot@32502377]" started-at="2024-04-12T11:03:29 IST" name="partialScreenshot" finished-at="2024-04-12T11:03:29 IST" duration-ms="350" status="PASS">
          <reporter-output>
          </reporter-output>
        </test-method> <!-- partialScreenshot -->
        <test-method is-config="true" signature="tearDown()[pri:0, instance:CompareScreenshot@32502377]" started-at="2024-04-12T11:03:29 IST" name="tearDown" finished-at="2024-04-12T11:03:29 IST" duration-ms="146" status="PASS">
          <reporter-output>
          </reporter-output>
        </test-method> <!-- tearDown -->
      </class> <!-- CompareScreenshot -->
    </test> <!-- Default test -->
  </suite> <!-- Default suite -->
</testng-results>
